0 info it worked if it ends with ok
1 verbose cli [ 'C:\\Program Files\\nodejs\\node.exe',
1 verbose cli   'C:\\Program Files\\nodejs\\node_modules\\npm\\bin\\npm-cli.js',
1 verbose cli   'run',
1 verbose cli   'dev' ]
2 info using npm@3.10.8
3 info using node@v6.9.1
4 verbose run-script [ 'predev', 'dev', 'postdev' ]
5 info lifecycle pet-informatica.github.io@1.0.0~predev: pet-informatica.github.io@1.0.0
6 silly lifecycle pet-informatica.github.io@1.0.0~predev: no script for predev, continuing
7 info lifecycle pet-informatica.github.io@1.0.0~dev: pet-informatica.github.io@1.0.0
8 verbose lifecycle pet-informatica.github.io@1.0.0~dev: unsafe-perm in lifecycle true
9 verbose lifecycle pet-informatica.github.io@1.0.0~dev: PATH: C:\Program Files\nodejs\node_modules\npm\bin\node-gyp-bin;E:\Documents\GitHub\pet-informatica.github.io\node_modules\.bin;C:\Users\Caval\AppData\Local\GitHub\PortableGit_f02737a78695063deace08e96d5042710d3e32db\cmd;C:\Users\Caval\AppData\Local\GitHub\PortableGit_f02737a78695063deace08e96d5042710d3e32db\usr\bin;C:\Users\Caval\AppData\Local\GitHub\PortableGit_f02737a78695063deace08e96d5042710d3e32db\usr\share\git-tfs;C:\Users\Caval\AppData\Local\Apps\2.0\0TH4LRAH.955\X692WVTK.OV6\gith..tion_317444273a93ac29_0003.0003_5794af8169eeff14;C:\Users\Caval\AppData\Local\GitHub\lfs-amd64_1.5.5;C:\ProgramData\Oracle\Java\javapath;C:\Program Files\Java\jdk1.8.0_111\bin;C:\Windows\system32;C:\Windows;C:\Windows\System32\Wbem;C:\Windows\System32\WindowsPowerShell\v1.0\;C:\Program Files\nodejs\;C:\Program Files (x86)\GtkSharp\2.12\bin;C:\cygnus\cygwin-b20\H-i586-cygwin32\bin;C:\Program Files (x86)\Skype\Phone\;C:\Ruby23-x64\bin;C:\Users\Caval\AppData\Local\Microsoft\WindowsApps;C:\Users\Caval\AppData\Roaming\npm;C:\cygnus\cygwin-b20\H-i586-cygwin32\bin;C:\Users\Caval\AppData\Local\atom\bin;C:\Program Files\Java\jdk1.8.0_111\bin;C:\Windows\Microsoft.NET\Framework\v4.0.30319\
10 verbose lifecycle pet-informatica.github.io@1.0.0~dev: CWD: E:\Documents\GitHub\pet-informatica.github.io
11 silly lifecycle pet-informatica.github.io@1.0.0~dev: Args: [ '/d /s /c', 'gulp development' ]
12 silly lifecycle pet-informatica.github.io@1.0.0~dev: Returned: code: 3221225786  signal: null
13 info lifecycle pet-informatica.github.io@1.0.0~dev: Failed to exec dev script
14 verbose stack Error: pet-informatica.github.io@1.0.0 dev: `gulp development`
14 verbose stack Exit status 3221225786
14 verbose stack     at EventEmitter.<anonymous> (C:\Program Files\nodejs\node_modules\npm\lib\utils\lifecycle.js:255:16)
14 verbose stack     at emitTwo (events.js:106:13)
14 verbose stack     at EventEmitter.emit (events.js:191:7)
14 verbose stack     at ChildProcess.<anonymous> (C:\Program Files\nodejs\node_modules\npm\lib\utils\spawn.js:40:14)
14 verbose stack     at emitTwo (events.js:106:13)
14 verbose stack     at ChildProcess.emit (events.js:191:7)
14 verbose stack     at maybeClose (internal/child_process.js:877:16)
14 verbose stack     at Process.ChildProcess._handle.onexit (internal/child_process.js:226:5)
15 verbose pkgid pet-informatica.github.io@1.0.0
16 verbose cwd E:\Documents\GitHub\pet-informatica.github.io
17 error Windows_NT 10.0.14393
18 error argv "C:\\Program Files\\nodejs\\node.exe" "C:\\Program Files\\nodejs\\node_modules\\npm\\bin\\npm-cli.js" "run" "dev"
19 error node v6.9.1
20 error npm  v3.10.8
21 error code ELIFECYCLE
22 error pet-informatica.github.io@1.0.0 dev: `gulp development`
22 error Exit status 3221225786
23 error Failed at the pet-informatica.github.io@1.0.0 dev script 'gulp development'.
23 error Make sure you have the latest version of node.js and npm installed.
23 error If you do, this is most likely a problem with the pet-informatica.github.io package,
23 error not with npm itself.
23 error Tell the author that this fails on your system:
23 error     gulp development
23 error You can get information on how to open an issue for this project with:
23 error     npm bugs pet-informatica.github.io
23 error Or if that isn't available, you can get their info via:
23 error     npm owner ls pet-informatica.github.io
23 error There is likely additional logging output above.
24 verbose exit [ 1, true ]
